C:\DOCUMENTS AND SETTINGS\DARKSEL\MY DOCUMENTS\VISUAL STUDIO 2010\PROJECTS\BOTKILLER\BOTKILLER\DEBUG\BOTKILLER.EXE.EMBED.MANIFEST
C:\DOCUMENTS AND SETTINGS\DARKSEL\MY DOCUMENTS\VISUAL STUDIO 2010\PROJECTS\BOTKILLER\BOTKILLER\DEBUG\BOTKILLER.EXE.EMBED.MANIFEST.RES
C:\DOCUMENTS AND SETTINGS\DARKSEL\MY DOCUMENTS\VISUAL STUDIO 2010\PROJECTS\BOTKILLER\BOTKILLER\DEBUG\BOTKILLER.EXE.INTERMEDIATE.MANIFEST
C:\DOCUMENTS AND SETTINGS\DARKSEL\MY DOCUMENTS\VISUAL STUDIO 2010\PROJECTS\BOTKILLER\BOTKILLER\DEBUG\BOTKILLER.OBJ
C:\DOCUMENTS AND SETTINGS\DARKSEL\MY DOCUMENTS\VISUAL STUDIO 2010\PROJECTS\BOTKILLER\BOTKILLER\DEBUG\BOTKILLER.PCH
C:\Documents and Settings\DarkSel\My Documents\Visual Studio 2010\Projects\Botkiller\Botkiller\Debug\Botkiller_manifest.rc
C:\Documents and Settings\DarkSel\My Documents\Visual Studio 2010\Projects\Botkiller\Botkiller\Debug\cl.command.1.tlog
C:\Documents and Settings\DarkSel\My Documents\Visual Studio 2010\Projects\Botkiller\Botkiller\Debug\CL.read.1.tlog
C:\Documents and Settings\DarkSel\My Documents\Visual Studio 2010\Projects\Botkiller\Botkiller\Debug\CL.write.1.tlog
C:\Documents and Settings\DarkSel\My Documents\Visual Studio 2010\Projects\Botkiller\Botkiller\Debug\link.4236.read.1.tlog
C:\Documents and Settings\DarkSel\My Documents\Visual Studio 2010\Projects\Botkiller\Botkiller\Debug\link.4236.write.1.tlog
C:\Documents and Settings\DarkSel\My Documents\Visual Studio 2010\Projects\Botkiller\Botkiller\Debug\link.4236-cvtres.read.1.tlog
C:\Documents and Settings\DarkSel\My Documents\Visual Studio 2010\Projects\Botkiller\Botkiller\Debug\link.4236-cvtres.write.1.tlog
C:\Documents and Settings\DarkSel\My Documents\Visual Studio 2010\Projects\Botkiller\Botkiller\Debug\link.command.1.tlog
C:\Documents and Settings\DarkSel\My Documents\Visual Studio 2010\Projects\Botkiller\Botkiller\Debug\link.read.1.tlog
C:\Documents and Settings\DarkSel\My Documents\Visual Studio 2010\Projects\Botkiller\Botkiller\Debug\link.write.1.tlog
C:\Documents and Settings\DarkSel\My Documents\Visual Studio 2010\Projects\Botkiller\Botkiller\Debug\link-cvtres.read.1.tlog
C:\Documents and Settings\DarkSel\My Documents\Visual Studio 2010\Projects\Botkiller\Botkiller\Debug\link-cvtres.write.1.tlog
C:\Documents and Settings\DarkSel\My Documents\Visual Studio 2010\Projects\Botkiller\Botkiller\Debug\mt.command.1.tlog
C:\Documents and Settings\DarkSel\My Documents\Visual Studio 2010\Projects\Botkiller\Botkiller\Debug\mt.read.1.tlog
C:\Documents and Settings\DarkSel\My Documents\Visual Studio 2010\Projects\Botkiller\Botkiller\Debug\mt.write.1.tlog
C:\Documents and Settings\DarkSel\My Documents\Visual Studio 2010\Projects\Botkiller\Botkiller\Debug\rc.command.1.tlog
C:\Documents and Settings\DarkSel\My Documents\Visual Studio 2010\Projects\Botkiller\Botkiller\Debug\rc.read.1.tlog
C:\Documents and Settings\DarkSel\My Documents\Visual Studio 2010\Projects\Botkiller\Botkiller\Debug\rc.write.1.tlog
C:\DOCUMENTS AND SETTINGS\DARKSEL\MY DOCUMENTS\VISUAL STUDIO 2010\PROJECTS\BOTKILLER\BOTKILLER\DEBUG\STDAFX.OBJ
C:\Documents and Settings\DarkSel\My Documents\Visual Studio 2010\Projects\Botkiller\Botkiller\Debug\vc100.idb
C:\DOCUMENTS AND SETTINGS\DARKSEL\MY DOCUMENTS\VISUAL STUDIO 2010\PROJECTS\BOTKILLER\BOTKILLER\DEBUG\VC100.PDB
C:\DOCUMENTS AND SETTINGS\DARKSEL\MY DOCUMENTS\VISUAL STUDIO 2010\PROJECTS\BOTKILLER\DEBUG\BOTKILLER.EXE
C:\DOCUMENTS AND SETTINGS\DARKSEL\MY DOCUMENTS\VISUAL STUDIO 2010\PROJECTS\BOTKILLER\DEBUG\BOTKILLER.ILK
C:\DOCUMENTS AND SETTINGS\DARKSEL\MY DOCUMENTS\VISUAL STUDIO 2010\PROJECTS\BOTKILLER\DEBUG\BOTKILLER.PDB
