Build started 8/4/2010 7:21:03 PM.
     1>Project "C:\Documents and Settings\DarkSel\My Documents\Visual Studio 2010\Projects\Botkiller\Botkiller\Botkiller.vcxproj" on node 2 (build target(s)).
     1>InitializeBuildStatus:
         Touching "Debug\Botkiller.unsuccessfulbuild".
       ClCompile:
         All outputs are up-to-date.
         C:\Program Files\Microsoft Visual Studio 10.0\VC\bin\CL.exe /c /ZI /nologo /W3 /WX- /Od /Oy- /D WIN32 /D _DEBUG /D _WINDOWS /D _UNICODE /D UNICODE /Gm /EHsc /RTC1 /MDd /GS /fp:precise /Zc:wchar_t /Zc:forScope /Yu"StdAfx.h" /Fp"Debug\Botkiller.pch" /Fo"Debug\\" /Fd"Debug\vc100.pdb" /Gd /TP /analyze- /errorReport:prompt Botkiller.cpp
         Botkiller.cpp
     1>c:\program files\microsoft sdks\windows\v7.0a\include\ntstatus.h(147): warning C4005: 'STATUS_WAIT_0' : macro redefinition
                 c:\program files\microsoft sdks\windows\v7.0a\include\winnt.h(1983) : see previous definition of 'STATUS_WAIT_0'
     1>c:\program files\microsoft sdks\windows\v7.0a\include\ntstatus.h(199): warning C4005: 'STATUS_ABANDONED_WAIT_0' : macro redefinition
                 c:\program files\microsoft sdks\windows\v7.0a\include\winnt.h(1984) : see previous definition of 'STATUS_ABANDONED_WAIT_0'
     1>c:\program files\microsoft sdks\windows\v7.0a\include\ntstatus.h(222): warning C4005: 'STATUS_USER_APC' : macro redefinition
                 c:\program files\microsoft sdks\windows\v7.0a\include\winnt.h(1985) : see previous definition of 'STATUS_USER_APC'
     1>c:\program files\microsoft sdks\windows\v7.0a\include\ntstatus.h(249): warning C4005: 'STATUS_TIMEOUT' : macro redefinition
                 c:\program files\microsoft sdks\windows\v7.0a\include\winnt.h(1986) : see previous definition of 'STATUS_TIMEOUT'
     1>c:\program files\microsoft sdks\windows\v7.0a\include\ntstatus.h(258): warning C4005: 'STATUS_PENDING' : macro redefinition
                 c:\program files\microsoft sdks\windows\v7.0a\include\winnt.h(1987) : see previous definition of 'STATUS_PENDING'
     1>c:\program files\microsoft sdks\windows\v7.0a\include\ntstatus.h(651): warning C4005: 'DBG_EXCEPTION_HANDLED' : macro redefinition
                 c:\program files\microsoft sdks\windows\v7.0a\include\winnt.h(1988) : see previous definition of 'DBG_EXCEPTION_HANDLED'
     1>c:\program files\microsoft sdks\windows\v7.0a\include\ntstatus.h(660): warning C4005: 'DBG_CONTINUE' : macro redefinition
                 c:\program files\microsoft sdks\windows\v7.0a\include\winnt.h(1989) : see previous definition of 'DBG_CONTINUE'
     1>c:\program files\microsoft sdks\windows\v7.0a\include\ntstatus.h(746): warning C4005: 'STATUS_SEGMENT_NOTIFICATION' : macro redefinition
                 c:\program files\microsoft sdks\windows\v7.0a\include\winnt.h(1990) : see previous definition of 'STATUS_SEGMENT_NOTIFICATION'
     1>c:\program files\microsoft sdks\windows\v7.0a\include\ntstatus.h(1219): warning C4005: 'DBG_TERMINATE_THREAD' : macro redefinition
                 c:\program files\microsoft sdks\windows\v7.0a\include\winnt.h(1991) : see previous definition of 'DBG_TERMINATE_THREAD'
     1>c:\program files\microsoft sdks\windows\v7.0a\include\ntstatus.h(1228): warning C4005: 'DBG_TERMINATE_PROCESS' : macro redefinition
                 c:\program files\microsoft sdks\windows\v7.0a\include\winnt.h(1992) : see previous definition of 'DBG_TERMINATE_PROCESS'
     1>c:\program files\microsoft sdks\windows\v7.0a\include\ntstatus.h(1237): warning C4005: 'DBG_CONTROL_C' : macro redefinition
                 c:\program files\microsoft sdks\windows\v7.0a\include\winnt.h(1993) : see previous definition of 'DBG_CONTROL_C'
     1>c:\program files\microsoft sdks\windows\v7.0a\include\ntstatus.h(1246): warning C4005: 'DBG_PRINTEXCEPTION_C' : macro redefinition
                 c:\program files\microsoft sdks\windows\v7.0a\include\winnt.h(1994) : see previous definition of 'DBG_PRINTEXCEPTION_C'
     1>c:\program files\microsoft sdks\windows\v7.0a\include\ntstatus.h(1255): warning C4005: 'DBG_RIPEXCEPTION' : macro redefinition
                 c:\program files\microsoft sdks\windows\v7.0a\include\winnt.h(1995) : see previous definition of 'DBG_RIPEXCEPTION'
     1>c:\program files\microsoft sdks\windows\v7.0a\include\ntstatus.h(1264): warning C4005: 'DBG_CONTROL_BREAK' : macro redefinition
                 c:\program files\microsoft sdks\windows\v7.0a\include\winnt.h(1996) : see previous definition of 'DBG_CONTROL_BREAK'
     1>c:\program files\microsoft sdks\windows\v7.0a\include\ntstatus.h(1273): warning C4005: 'DBG_COMMAND_EXCEPTION' : macro redefinition
                 c:\program files\microsoft sdks\windows\v7.0a\include\winnt.h(1997) : see previous definition of 'DBG_COMMAND_EXCEPTION'
     1>c:\program files\microsoft sdks\windows\v7.0a\include\ntstatus.h(1305): warning C4005: 'STATUS_GUARD_PAGE_VIOLATION' : macro redefinition
                 c:\program files\microsoft sdks\windows\v7.0a\include\winnt.h(1998) : see previous definition of 'STATUS_GUARD_PAGE_VIOLATION'
     1>c:\program files\microsoft sdks\windows\v7.0a\include\ntstatus.h(1316): warning C4005: 'STATUS_DATATYPE_MISALIGNMENT' : macro redefinition
                 c:\program files\microsoft sdks\windows\v7.0a\include\winnt.h(1999) : see previous definition of 'STATUS_DATATYPE_MISALIGNMENT'
     1>c:\program files\microsoft sdks\windows\v7.0a\include\ntstatus.h(1327): warning C4005: 'STATUS_BREAKPOINT' : macro redefinition
                 c:\program files\microsoft sdks\windows\v7.0a\include\winnt.h(2000) : see previous definition of 'STATUS_BREAKPOINT'
     1>c:\program files\microsoft sdks\windows\v7.0a\include\ntstatus.h(1338): warning C4005: 'STATUS_SINGLE_STEP' : macro redefinition
                 c:\program files\microsoft sdks\windows\v7.0a\include\winnt.h(2001) : see previous definition of 'STATUS_SINGLE_STEP'
     1>c:\program files\microsoft sdks\windows\v7.0a\include\ntstatus.h(1641): warning C4005: 'STATUS_LONGJUMP' : macro redefinition
                 c:\program files\microsoft sdks\windows\v7.0a\include\winnt.h(2002) : see previous definition of 'STATUS_LONGJUMP'
     1>c:\program files\microsoft sdks\windows\v7.0a\include\ntstatus.h(1668): warning C4005: 'STATUS_UNWIND_CONSOLIDATE' : macro redefinition
                 c:\program files\microsoft sdks\windows\v7.0a\include\winnt.h(2003) : see previous definition of 'STATUS_UNWIND_CONSOLIDATE'
     1>c:\program files\microsoft sdks\windows\v7.0a\include\ntstatus.h(1735): warning C4005: 'DBG_EXCEPTION_NOT_HANDLED' : macro redefinition
                 c:\program files\microsoft sdks\windows\v7.0a\include\winnt.h(2004) : see previous definition of 'DBG_EXCEPTION_NOT_HANDLED'
     1>c:\program files\microsoft sdks\windows\v7.0a\include\ntstatus.h(1864): warning C4005: 'STATUS_ACCESS_VIOLATION' : macro redefinition
                 c:\program files\microsoft sdks\windows\v7.0a\include\winnt.h(2005) : see previous definition of 'STATUS_ACCESS_VIOLATION'
     1>c:\program files\microsoft sdks\windows\v7.0a\include\ntstatus.h(1873): warning C4005: 'STATUS_IN_PAGE_ERROR' : macro redefinition
                 c:\program files\microsoft sdks\windows\v7.0a\include\winnt.h(2006) : see previous definition of 'STATUS_IN_PAGE_ERROR'
     1>c:\program files\microsoft sdks\windows\v7.0a\include\ntstatus.h(1891): warning C4005: 'STATUS_INVALID_HANDLE' : macro redefinition
                 c:\program files\microsoft sdks\windows\v7.0a\include\winnt.h(2007) : see previous definition of 'STATUS_INVALID_HANDLE'
     1>c:\program files\microsoft sdks\windows\v7.0a\include\ntstatus.h(1936): warning C4005: 'STATUS_INVALID_PARAMETER' : macro redefinition
                 c:\program files\microsoft sdks\windows\v7.0a\include\winnt.h(2008) : see previous definition of 'STATUS_INVALID_PARAMETER'
     1>c:\program files\microsoft sdks\windows\v7.0a\include\ntstatus.h(2036): warning C4005: 'STATUS_NO_MEMORY' : macro redefinition
                 c:\program files\microsoft sdks\windows\v7.0a\include\winnt.h(2009) : see previous definition of 'STATUS_NO_MEMORY'
     1>c:\program files\microsoft sdks\windows\v7.0a\include\ntstatus.h(2093): warning C4005: 'STATUS_ILLEGAL_INSTRUCTION' : macro redefinition
                 c:\program files\microsoft sdks\windows\v7.0a\include\winnt.h(2010) : see previous definition of 'STATUS_ILLEGAL_INSTRUCTION'
     1>c:\program files\microsoft sdks\windows\v7.0a\include\ntstatus.h(2174): warning C4005: 'STATUS_NONCONTINUABLE_EXCEPTION' : macro redefinition
                 c:\program files\microsoft sdks\windows\v7.0a\include\winnt.h(2011) : see previous definition of 'STATUS_NONCONTINUABLE_EXCEPTION'
     1>c:\program files\microsoft sdks\windows\v7.0a\include\ntstatus.h(2183): warning C4005: 'STATUS_INVALID_DISPOSITION' : macro redefinition
                 c:\program files\microsoft sdks\windows\v7.0a\include\winnt.h(2012) : see previous definition of 'STATUS_INVALID_DISPOSITION'
     1>c:\program files\microsoft sdks\windows\v7.0a\include\ntstatus.h(3105): warning C4005: 'STATUS_ARRAY_BOUNDS_EXCEEDED' : macro redefinition
                 c:\program files\microsoft sdks\windows\v7.0a\include\winnt.h(2013) : see previous definition of 'STATUS_ARRAY_BOUNDS_EXCEEDED'
     1>c:\program files\microsoft sdks\windows\v7.0a\include\ntstatus.h(3115): warning C4005: 'STATUS_FLOAT_DENORMAL_OPERAND' : macro redefinition
                 c:\program files\microsoft sdks\windows\v7.0a\include\winnt.h(2014) : see previous definition of 'STATUS_FLOAT_DENORMAL_OPERAND'
     1>c:\program files\microsoft sdks\windows\v7.0a\include\ntstatus.h(3125): warning C4005: 'STATUS_FLOAT_DIVIDE_BY_ZERO' : macro redefinition
                 c:\program files\microsoft sdks\windows\v7.0a\include\winnt.h(2015) : see previous definition of 'STATUS_FLOAT_DIVIDE_BY_ZERO'
     1>c:\program files\microsoft sdks\windows\v7.0a\include\ntstatus.h(3135): warning C4005: 'STATUS_FLOAT_INEXACT_RESULT' : macro redefinition
                 c:\program files\microsoft sdks\windows\v7.0a\include\winnt.h(2016) : see previous definition of 'STATUS_FLOAT_INEXACT_RESULT'
     1>c:\program files\microsoft sdks\windows\v7.0a\include\ntstatus.h(3145): warning C4005: 'STATUS_FLOAT_INVALID_OPERATION' : macro redefinition
                 c:\program files\microsoft sdks\windows\v7.0a\include\winnt.h(2017) : see previous definition of 'STATUS_FLOAT_INVALID_OPERATION'
     1>c:\program files\microsoft sdks\windows\v7.0a\include\ntstatus.h(3155): warning C4005: 'STATUS_FLOAT_OVERFLOW' : macro redefinition
                 c:\program files\microsoft sdks\windows\v7.0a\include\winnt.h(2018) : see previous definition of 'STATUS_FLOAT_OVERFLOW'
     1>c:\program files\microsoft sdks\windows\v7.0a\include\ntstatus.h(3165): warning C4005: 'STATUS_FLOAT_STACK_CHECK' : macro redefinition
                 c:\program files\microsoft sdks\windows\v7.0a\include\winnt.h(2019) : see previous definition of 'STATUS_FLOAT_STACK_CHECK'
     1>c:\program files\microsoft sdks\windows\v7.0a\include\ntstatus.h(3175): warning C4005: 'STATUS_FLOAT_UNDERFLOW' : macro redefinition
                 c:\program files\microsoft sdks\windows\v7.0a\include\winnt.h(2020) : see previous definition of 'STATUS_FLOAT_UNDERFLOW'
     1>c:\program files\microsoft sdks\windows\v7.0a\include\ntstatus.h(3185): warning C4005: 'STATUS_INTEGER_DIVIDE_BY_ZERO' : macro redefinition
                 c:\program files\microsoft sdks\windows\v7.0a\include\winnt.h(2021) : see previous definition of 'STATUS_INTEGER_DIVIDE_BY_ZERO'
     1>c:\program files\microsoft sdks\windows\v7.0a\include\ntstatus.h(3195): warning C4005: 'STATUS_INTEGER_OVERFLOW' : macro redefinition
                 c:\program files\microsoft sdks\windows\v7.0a\include\winnt.h(2022) : see previous definition of 'STATUS_INTEGER_OVERFLOW'
     1>c:\program files\microsoft sdks\windows\v7.0a\include\ntstatus.h(3205): warning C4005: 'STATUS_PRIVILEGED_INSTRUCTION' : macro redefinition
                 c:\program files\microsoft sdks\windows\v7.0a\include\winnt.h(2023) : see previous definition of 'STATUS_PRIVILEGED_INSTRUCTION'
     1>c:\program files\microsoft sdks\windows\v7.0a\include\ntstatus.h(4151): warning C4005: 'STATUS_STACK_OVERFLOW' : macro redefinition
                 c:\program files\microsoft sdks\windows\v7.0a\include\winnt.h(2024) : see previous definition of 'STATUS_STACK_OVERFLOW'
     1>c:\program files\microsoft sdks\windows\v7.0a\include\ntstatus.h(4668): warning C4005: 'STATUS_DLL_NOT_FOUND' : macro redefinition
                 c:\program files\microsoft sdks\windows\v7.0a\include\winnt.h(2025) : see previous definition of 'STATUS_DLL_NOT_FOUND'
     1>c:\program files\microsoft sdks\windows\v7.0a\include\ntstatus.h(4697): warning C4005: 'STATUS_ORDINAL_NOT_FOUND' : macro redefinition
                 c:\program files\microsoft sdks\windows\v7.0a\include\winnt.h(2026) : see previous definition of 'STATUS_ORDINAL_NOT_FOUND'
     1>c:\program files\microsoft sdks\windows\v7.0a\include\ntstatus.h(4707): warning C4005: 'STATUS_ENTRYPOINT_NOT_FOUND' : macro redefinition
                 c:\program files\microsoft sdks\windows\v7.0a\include\winnt.h(2027) : see previous definition of 'STATUS_ENTRYPOINT_NOT_FOUND'
     1>c:\program files\microsoft sdks\windows\v7.0a\include\ntstatus.h(4717): warning C4005: 'STATUS_CONTROL_C_EXIT' : macro redefinition
                 c:\program files\microsoft sdks\windows\v7.0a\include\winnt.h(2028) : see previous definition of 'STATUS_CONTROL_C_EXIT'
     1>c:\program files\microsoft sdks\windows\v7.0a\include\ntstatus.h(4795): warning C4005: 'STATUS_DLL_INIT_FAILED' : macro redefinition
                 c:\program files\microsoft sdks\windows\v7.0a\include\winnt.h(2029) : see previous definition of 'STATUS_DLL_INIT_FAILED'
     1>c:\program files\microsoft sdks\windows\v7.0a\include\ntstatus.h(7197): warning C4005: 'STATUS_FLOAT_MULTIPLE_FAULTS' : macro redefinition
                 c:\program files\microsoft sdks\windows\v7.0a\include\winnt.h(2030) : see previous definition of 'STATUS_FLOAT_MULTIPLE_FAULTS'
     1>c:\program files\microsoft sdks\windows\v7.0a\include\ntstatus.h(7207): warning C4005: 'STATUS_FLOAT_MULTIPLE_TRAPS' : macro redefinition
                 c:\program files\microsoft sdks\windows\v7.0a\include\winnt.h(2031) : see previous definition of 'STATUS_FLOAT_MULTIPLE_TRAPS'
     1>c:\program files\microsoft sdks\windows\v7.0a\include\ntstatus.h(7330): warning C4005: 'STATUS_REG_NAT_CONSUMPTION' : macro redefinition
                 c:\program files\microsoft sdks\windows\v7.0a\include\winnt.h(2032) : see previous definition of 'STATUS_REG_NAT_CONSUMPTION'
     1>c:\program files\microsoft sdks\windows\v7.0a\include\ntstatus.h(8523): warning C4005: 'STATUS_STACK_BUFFER_OVERRUN' : macro redefinition
                 c:\program files\microsoft sdks\windows\v7.0a\include\winnt.h(2033) : see previous definition of 'STATUS_STACK_BUFFER_OVERRUN'
     1>c:\program files\microsoft sdks\windows\v7.0a\include\ntstatus.h(8650): warning C4005: 'STATUS_INVALID_CRUNTIME_PARAMETER' : macro redefinition
                 c:\program files\microsoft sdks\windows\v7.0a\include\winnt.h(2034) : see previous definition of 'STATUS_INVALID_CRUNTIME_PARAMETER'
     1>c:\program files\microsoft sdks\windows\v7.0a\include\ntstatus.h(8713): warning C4005: 'STATUS_ASSERTION_FAILURE' : macro redefinition
                 c:\program files\microsoft sdks\windows\v7.0a\include\winnt.h(2035) : see previous definition of 'STATUS_ASSERTION_FAILURE'
     1>c:\program files\microsoft sdks\windows\v7.0a\include\ntstatus.h(11904): warning C4005: 'STATUS_SXS_EARLY_DEACTIVATION' : macro redefinition
                 c:\program files\microsoft sdks\windows\v7.0a\include\winnt.h(2037) : see previous definition of 'STATUS_SXS_EARLY_DEACTIVATION'
     1>c:\program files\microsoft sdks\windows\v7.0a\include\ntstatus.h(11913): warning C4005: 'STATUS_SXS_INVALID_DEACTIVATION' : macro redefinition
                 c:\program files\microsoft sdks\windows\v7.0a\include\winnt.h(2038) : see previous definition of 'STATUS_SXS_INVALID_DEACTIVATION'
     1>c:\documents and settings\darksel\my documents\visual studio 2010\projects\botkiller\botkiller\botkiller.cpp(38): warning C4005: 'STATUS_INFO_LENGTH_MISMATCH' : macro redefinition
                 c:\program files\microsoft sdks\windows\v7.0a\include\ntstatus.h(1855) : see previous definition of 'STATUS_INFO_LENGTH_MISMATCH'
     1>c:\documents and settings\darksel\my documents\visual studio 2010\projects\botkiller\botkiller\botkiller.cpp(190): warning C4091: 'typedef ' : ignored on left of 'SYSTEM_MODULE' when no variable is declared
     1>c:\documents and settings\darksel\my documents\visual studio 2010\projects\botkiller\botkiller\botkiller.cpp(195): warning C4200: nonstandard extension used : zero-sized array in struct/union
                 Cannot generate copy-ctor or copy-assignment operator when UDT contains a zero-sized array
     1>c:\documents and settings\darksel\my documents\visual studio 2010\projects\botkiller\botkiller\botkiller.cpp(295): warning C4244: 'argument' : conversion from 'DWORD' to 'u_short', possible loss of data
     1>c:\documents and settings\darksel\my documents\visual studio 2010\projects\botkiller\botkiller\botkiller.cpp(295): warning C4244: 'argument' : conversion from 'DWORD' to 'u_short', possible loss of data
     1>c:\documents and settings\darksel\my documents\visual studio 2010\projects\botkiller\botkiller\botkiller.cpp(297): warning C4244: 'argument' : conversion from 'DWORD' to 'u_short', possible loss of data
     1>c:\documents and settings\darksel\my documents\visual studio 2010\projects\botkiller\botkiller\botkiller.cpp(805): warning C4996: 'strcpy': This function or variable may be unsafe. Consider using strcpy_s instead. To disable deprecation, use _CRT_SECURE_NO_WARNINGS. See online help for details.
                 c:\program files\microsoft visual studio 10.0\vc\include\string.h(105) : see declaration of 'strcpy'
     1>c:\documents and settings\darksel\my documents\visual studio 2010\projects\botkiller\botkiller\botkiller.cpp(841): warning C4996: 'strcpy': This function or variable may be unsafe. Consider using strcpy_s instead. To disable deprecation, use _CRT_SECURE_NO_WARNINGS. See online help for details.
                 c:\program files\microsoft visual studio 10.0\vc\include\string.h(105) : see declaration of 'strcpy'
     1>c:\documents and settings\darksel\my documents\visual studio 2010\projects\botkiller\botkiller\botkiller.cpp(989): warning C4996: 'strcpy': This function or variable may be unsafe. Consider using strcpy_s instead. To disable deprecation, use _CRT_SECURE_NO_WARNINGS. See online help for details.
                 c:\program files\microsoft visual studio 10.0\vc\include\string.h(105) : see declaration of 'strcpy'
     1>c:\documents and settings\darksel\my documents\visual studio 2010\projects\botkiller\botkiller\botkiller.cpp(992): warning C4996: 'strcpy': This function or variable may be unsafe. Consider using strcpy_s instead. To disable deprecation, use _CRT_SECURE_NO_WARNINGS. See online help for details.
                 c:\program files\microsoft visual studio 10.0\vc\include\string.h(105) : see declaration of 'strcpy'
     1>c:\documents and settings\darksel\my documents\visual studio 2010\projects\botkiller\botkiller\botkiller.cpp(1000): warning C4996: 'strcpy': This function or variable may be unsafe. Consider using strcpy_s instead. To disable deprecation, use _CRT_SECURE_NO_WARNINGS. See online help for details.
                 c:\program files\microsoft visual studio 10.0\vc\include\string.h(105) : see declaration of 'strcpy'
     1>c:\documents and settings\darksel\my documents\visual studio 2010\projects\botkiller\botkiller\botkiller.cpp(1003): warning C4996: 'strcpy': This function or variable may be unsafe. Consider using strcpy_s instead. To disable deprecation, use _CRT_SECURE_NO_WARNINGS. See online help for details.
                 c:\program files\microsoft visual studio 10.0\vc\include\string.h(105) : see declaration of 'strcpy'
     1>c:\documents and settings\darksel\my documents\visual studio 2010\projects\botkiller\botkiller\botkiller.cpp(1015): warning C4996: 'strcpy': This function or variable may be unsafe. Consider using strcpy_s instead. To disable deprecation, use _CRT_SECURE_NO_WARNINGS. See online help for details.
                 c:\program files\microsoft visual studio 10.0\vc\include\string.h(105) : see declaration of 'strcpy'
     1>c:\documents and settings\darksel\my documents\visual studio 2010\projects\botkiller\botkiller\botkiller.cpp(1016): warning C4996: 'strcpy': This function or variable may be unsafe. Consider using strcpy_s instead. To disable deprecation, use _CRT_SECURE_NO_WARNINGS. See online help for details.
                 c:\program files\microsoft visual studio 10.0\vc\include\string.h(105) : see declaration of 'strcpy'
     1>c:\documents and settings\darksel\my documents\visual studio 2010\projects\botkiller\botkiller\botkiller.cpp(1020): warning C4996: 'strcpy': This function or variable may be unsafe. Consider using strcpy_s instead. To disable deprecation, use _CRT_SECURE_NO_WARNINGS. See online help for details.
                 c:\program files\microsoft visual studio 10.0\vc\include\string.h(105) : see declaration of 'strcpy'
     1>c:\documents and settings\darksel\my documents\visual studio 2010\projects\botkiller\botkiller\botkiller.cpp(1021): warning C4996: 'strcpy': This function or variable may be unsafe. Consider using strcpy_s instead. To disable deprecation, use _CRT_SECURE_NO_WARNINGS. See online help for details.
                 c:\program files\microsoft visual studio 10.0\vc\include\string.h(105) : see declaration of 'strcpy'
     1>c:\documents and settings\darksel\my documents\visual studio 2010\projects\botkiller\botkiller\botkiller.cpp(1030): warning C4996: 'strcpy': This function or variable may be unsafe. Consider using strcpy_s instead. To disable deprecation, use _CRT_SECURE_NO_WARNINGS. See online help for details.
                 c:\program files\microsoft visual studio 10.0\vc\include\string.h(105) : see declaration of 'strcpy'
     1>c:\documents and settings\darksel\my documents\visual studio 2010\projects\botkiller\botkiller\botkiller.cpp(1033): warning C4996: 'strcpy': This function or variable may be unsafe. Consider using strcpy_s instead. To disable deprecation, use _CRT_SECURE_NO_WARNINGS. See online help for details.
                 c:\program files\microsoft visual studio 10.0\vc\include\string.h(105) : see declaration of 'strcpy'
     1>c:\documents and settings\darksel\my documents\visual studio 2010\projects\botkiller\botkiller\botkiller.cpp(1040): warning C4996: 'strcpy': This function or variable may be unsafe. Consider using strcpy_s instead. To disable deprecation, use _CRT_SECURE_NO_WARNINGS. See online help for details.
                 c:\program files\microsoft visual studio 10.0\vc\include\string.h(105) : see declaration of 'strcpy'
     1>c:\documents and settings\darksel\my documents\visual studio 2010\projects\botkiller\botkiller\botkiller.cpp(1043): warning C4996: 'strcpy': This function or variable may be unsafe. Consider using strcpy_s instead. To disable deprecation, use _CRT_SECURE_NO_WARNINGS. See online help for details.
                 c:\program files\microsoft visual studio 10.0\vc\include\string.h(105) : see declaration of 'strcpy'
     1>c:\documents and settings\darksel\my documents\visual studio 2010\projects\botkiller\botkiller\botkiller.cpp(1052): warning C4996: 'sprintf': This function or variable may be unsafe. Consider using sprintf_s instead. To disable deprecation, use _CRT_SECURE_NO_WARNINGS. See online help for details.
                 c:\program files\microsoft visual studio 10.0\vc\include\stdio.h(371) : see declaration of 'sprintf'
     1>c:\documents and settings\darksel\my documents\visual studio 2010\projects\botkiller\botkiller\botkiller.cpp(1059): warning C4996: 'sprintf': This function or variable may be unsafe. Consider using sprintf_s instead. To disable deprecation, use _CRT_SECURE_NO_WARNINGS. See online help for details.
                 c:\program files\microsoft visual studio 10.0\vc\include\stdio.h(371) : see declaration of 'sprintf'
     1>c:\documents and settings\darksel\my documents\visual studio 2010\projects\botkiller\botkiller\botkiller.cpp(1064): warning C4996: 'sprintf': This function or variable may be unsafe. Consider using sprintf_s instead. To disable deprecation, use _CRT_SECURE_NO_WARNINGS. See online help for details.
                 c:\program files\microsoft visual studio 10.0\vc\include\stdio.h(371) : see declaration of 'sprintf'
     1>c:\documents and settings\darksel\my documents\visual studio 2010\projects\botkiller\botkiller\botkiller.cpp(1073): warning C4996: 'sprintf': This function or variable may be unsafe. Consider using sprintf_s instead. To disable deprecation, use _CRT_SECURE_NO_WARNINGS. See online help for details.
                 c:\program files\microsoft visual studio 10.0\vc\include\stdio.h(371) : see declaration of 'sprintf'
       ManifestResourceCompile:
         All outputs are up-to-date.
       Link:
         C:\Program Files\Microsoft Visual Studio 10.0\VC\bin\link.exe /ERRORREPORT:PROMPT /OUT:"C:\Documents and Settings\DarkSel\My Documents\Visual Studio 2010\Projects\Botkiller\Debug\Botkiller.exe" /INCREMENTAL /NOLOGO kernel32.lib user32.lib Ws2_32.lib gdi32.lib Iphlpapi.lib winspool.lib comdlg32.lib advapi32.lib shell32.lib ole32.lib oleaut32.lib uuid.lib odbc32.lib odbccp32.lib kernel32.lib user32.lib gdi32.lib winspool.lib comdlg32.lib advapi32.lib shell32.lib ole32.lib oleaut32.lib uuid.lib odbc32.lib odbccp32.lib /MANIFEST /ManifestFile:"Debug\Botkiller.exe.intermediate.manifest" /MANIFESTUAC:"level='asInvoker' uiAccess='false'" /DEBUG /PDB:"C:\Documents and Settings\DarkSel\My Documents\Visual Studio 2010\Projects\Botkiller\Debug\Botkiller.pdb" /SUBSYSTEM:CONSOLE /TLBID:1 /DYNAMICBASE /NXCOMPAT /IMPLIB:"C:\Documents and Settings\DarkSel\My Documents\Visual Studio 2010\Projects\Botkiller\Debug\Botkiller.lib" /MACHINE:X86 Debug\Botkiller.exe.embed.manifest.res
         Debug\Botkiller.obj
         Debug\stdafx.obj
       Manifest:
         C:\Program Files\Microsoft SDKs\Windows\v7.0A\bin\mt.exe /nologo /verbose /out:"Debug\Botkiller.exe.embed.manifest" /manifest Debug\Botkiller.exe.intermediate.manifest
         All outputs are up-to-date.
       LinkEmbedManifest:
         All outputs are up-to-date.
         Botkiller.vcxproj -> C:\Documents and Settings\DarkSel\My Documents\Visual Studio 2010\Projects\Botkiller\Debug\Botkiller.exe
       FinalizeBuildStatus:
         Deleting file "Debug\Botkiller.unsuccessfulbuild".
         Touching "Debug\Botkiller.lastbuildstate".
     1>Done Building Project "C:\Documents and Settings\DarkSel\My Documents\Visual Studio 2010\Projects\Botkiller\Botkiller\Botkiller.vcxproj" (build target(s)).

Build succeeded.

Time Elapsed 00:00:04.76
